<?xml version="1.0" encoding="UTF-8"?>
<testng-results skipped="0" failed="0" total="1" passed="1">
  <reporter-output>
  </reporter-output>
  <suite name="Default suite" duration-ms="9345" started-at="2019-04-11T03:05:38Z" finished-at="2019-04-11T03:05:47Z">
    <groups>
    </groups>
    <test name="Default test" duration-ms="9345" started-at="2019-04-11T03:05:38Z" finished-at="2019-04-11T03:05:47Z">
      <class name="basics.HMS">
        <test-method status="PASS" signature="setUP()[pri:0, instance:basics.HMS@71c7db30]" name="setUP" is-config="true" duration-ms="3513" started-at="2019-04-11T08:35:38Z" finished-at="2019-04-11T08:35:41Z">
          <reporter-output>
          </reporter-output>
        </test-method> <!-- setUP -->
        <test-method status="PASS" signature="LoginTest()[pri:0, instance:basics.HMS@71c7db30]" name="LoginTest" duration-ms="5794" started-at="2019-04-11T08:35:41Z" finished-at="2019-04-11T08:35:47Z">
          <reporter-output>
          </reporter-output>
        </test-method> <!-- LoginTest -->
      </class> <!-- basics.HMS -->
    </test> <!-- Default test -->
  </suite> <!-- Default suite -->
</testng-results>
